<component name="libraryTable">
  <library name="junit-jupiter-engine-5.8.2">
    <CLASSES>
      <root url="jar://$USER_HOME$/junit-jupiter-engine-5.8.2.jar!/" />
      <root url="jar://$USER_HOME$/mockito-core-4.3.1.jar!/" />
      <root url="jar://$USER_HOME$/mockito-junit-jupiter-4.3.1.jar!/" />
    </CLASSES>
    <JAVADOC />
    <SOURCES />
  </library>
</component>