<?xml version="1.0" encoding="UTF-8"?>
<testsuite name="LibraryTest" tests="3" skipped="0" failures="0" errors="0" timestamp="2022-03-16T14:26:29" hostname="ANDRIUS-PC" time="0.572">
  <properties/>
  <testcase name="Should_GetBooks()" classname="LibraryTest" time="0.563"/>
  <testcase name="Should_ThrowRuntimeException_When_LibraryIsEmpty()" classname="LibraryTest" time="0.003"/>
  <testcase name="Should_ReturnBookWithHighestPageCount_When_LibraryHasBooks()" classname="LibraryTest" time="0.004"/>
  <system-out><![CDATA[]]></system-out>
  <system-err><![CDATA[]]></system-err>
</testsuite>
